<?xml version="1.0" encoding="UTF-8"?>
<!-- Generated by org.testng.reporters.JUnitReportReporter -->
<testsuite hostname="LAP-WDR-L-1037" failures="0" tests="10" name="com.testSalesforce.PracticeTestNG" time="0.041" errors="0" timestamp="01 Apr 2020 02:16:40 GMT" skipped="0">
  <testcase classname="com.testSalesforce.PracticeTestNG" name="Test1" time="0.003"/>
  <testcase classname="com.testSalesforce.PracticeTestNG" name="Test1" time="0.006"/>
  <testcase classname="com.testSalesforce.PracticeTestNG" name="Test1" time="0.004"/>
  <testcase classname="com.testSalesforce.PracticeTestNG" name="Test1" time="0.003"/>
  <testcase classname="com.testSalesforce.PracticeTestNG" name="Test1" time="0.004"/>
  <testcase classname="com.testSalesforce.PracticeTestNG" name="Test1" time="0.002"/>
  <testcase classname="com.testSalesforce.PracticeTestNG" name="Test1" time="0.006"/>
  <testcase classname="com.testSalesforce.PracticeTestNG" name="Test1" time="0.003"/>
  <testcase classname="com.testSalesforce.PracticeTestNG" name="Test1" time="0.006"/>
  <testcase classname="com.testSalesforce.PracticeTestNG" name="Test1" time="0.004"/>
</testsuite> <!-- com.testSalesforce.PracticeTestNG -->
