<?xml version="1.0" encoding="UTF-8"?>
<!-- Generated by org.testng.reporters.JUnitReportReporter -->
<testsuite hostname="LAP-WDR-L-1037" failures="0" tests="1" name="com.testSalesforce.TestNGpractice" time="0.013" errors="0" timestamp="31 Mar 2020 08:15:13 GMT" skipped="0">
  <testcase classname="com.testSalesforce.TestNGpractice" name="test3" time="0.013"/>
</testsuite> <!-- com.testSalesforce.TestNGpractice -->
